2024-05-18 13:14:40 - staging - INFO - Selected image path: D:/Proiect de Licenta/ObjectDetection/input/animals/download.jpg
2024-05-18 13:14:41 - staging - INFO - Image loaded successfully.
2024-05-18 13:14:41 - staging - ERROR - An error occurred during image display: 'EventDetection' object has no attribute 'net'
2024-05-18 13:14:41 - staging - ERROR - An error occurred during object detection: 'EventDetection' object has no attribute 'net'
2024-05-18 13:15:26 - staging - INFO - Application run successfully.
2024-05-18 13:15:36 - staging - INFO - Selected image path: D:/Proiect de Licenta/ObjectDetection/input/animals/download.jpg
2024-05-18 13:15:36 - staging - INFO - Image loaded successfully.
2024-05-18 13:15:37 - staging - ERROR - An error occurred during image display: 'EventDetection' object has no attribute 'net'
2024-05-18 13:15:37 - staging - ERROR - An error occurred during object detection: 'EventDetection' object has no attribute 'net'
2024-05-18 13:19:07 - staging - INFO - Selected image path: D:/Proiect de Licenta/ObjectDetection/input/cats/images.jpg
2024-05-18 13:19:07 - staging - INFO - Image loaded successfully.
2024-05-18 13:19:07 - staging - ERROR - An error occurred during image display: 'EventDetection' object has no attribute 'net'
2024-05-18 13:19:07 - staging - ERROR - An error occurred during object detection: 'EventDetection' object has no attribute 'net'
2024-05-18 13:20:00 - staging - INFO - Application run successfully.
2024-05-18 13:21:26 - staging - INFO - Selected image path: D:/Proiect de Licenta/ObjectDetection/input/cats/images.jpg
2024-05-18 13:21:26 - staging - INFO - Image loaded successfully.
2024-05-18 13:21:26 - staging - ERROR - An error occurred during image display: 'EventDetection' object has no attribute 'net'
2024-05-18 13:21:26 - staging - ERROR - An error occurred during object detection: 'EventDetection' object has no attribute 'net'
2024-05-18 13:21:56 - staging - INFO - Application run successfully.
2024-05-18 13:22:39 - staging - INFO - Selected image path: D:/Proiect de Licenta/ObjectDetection/input/cats/images.jpg
2024-05-18 13:22:39 - staging - INFO - Image loaded successfully.
2024-05-18 13:22:50 - staging - INFO - Image path: D:/Proiect de Licenta/ObjectDetection/input/cats/images.jpg
2024-05-18 13:22:50 - staging - INFO - Detected objects: [(1, 'cat', [73, 36, 76, 127], 0.9016150236129761), (2, 'chair', [154, 0, 41, 38], 0.6929078698158264), (3, 'cat', [151, 59, 29, 85], 0.7934530377388)]
2024-05-18 13:22:50 - staging - INFO - Object Counts: {'cat': 2, 'chair': 1}
2024-05-18 13:23:34 - staging - INFO - Detected objects saved successfully.
2024-05-18 13:23:35 - staging - INFO - ID: 1, Label: cat, Confidence: 0.9016150236129761, Coordinates: (73, 36, 76, 127)
2024-05-18 13:23:35 - staging - INFO - ID: 2, Label: chair, Confidence: 0.6929078698158264, Coordinates: (154, 0, 41, 38)
2024-05-18 13:23:35 - staging - INFO - ID: 3, Label: cat, Confidence: 0.7934530377388, Coordinates: (151, 59, 29, 85)
2024-05-18 13:23:35 - staging - INFO - ID: 4, Label: cat, Confidence: 0.9016150236129761, Coordinates: (73, 36, 76, 127)
2024-05-18 13:23:35 - staging - INFO - ID: 5, Label: chair, Confidence: 0.6929078698158264, Coordinates: (154, 0, 41, 38)
2024-05-18 13:23:35 - staging - INFO - ID: 6, Label: cat, Confidence: 0.7934530377388, Coordinates: (151, 59, 29, 85)
2024-05-18 13:24:02 - staging - INFO - Saving canceled by user.
2024-05-18 13:24:12 - staging - INFO - Selected image path: D:/Proiect de Licenta/ObjectDetection/input/cars/images.jpg
2024-05-18 13:24:12 - staging - INFO - Image loaded successfully.
2024-05-18 13:24:14 - staging - INFO - Image path: D:/Proiect de Licenta/ObjectDetection/input/cars/images.jpg
2024-05-18 13:24:14 - staging - INFO - Detected objects: [(1, 'car', [15, 14, 115, 63], 0.9941926598548889), (2, 'car', [156, 16, 130, 57], 0.9975427985191345), (3, 'car', [12, 86, 126, 68], 0.943601131439209), (4, 'car', [156, 86, 123, 64], 0.9972536563873291)]
2024-05-18 13:24:14 - staging - INFO - Object Counts: {'car': 4}
2024-05-18 13:24:22 - staging - INFO - Selected image path: D:/Proiect de Licenta/ObjectDetection/input/animals/download.jpg
2024-05-18 13:24:22 - staging - INFO - Image loaded successfully.
2024-05-18 13:24:23 - staging - INFO - Image path: D:/Proiect de Licenta/ObjectDetection/input/animals/download.jpg
2024-05-18 13:24:23 - staging - INFO - Detected objects: [(1, 'dog', [152, 25, 113, 129], 0.968483567237854), (2, 'cat', [80, 35, 73, 121], 0.948925256729126), (3, 'bird', [13, 85, 70, 63], 0.994560956954956)]
2024-05-18 13:24:24 - staging - INFO - Object Counts: {'dog': 1, 'cat': 1, 'bird': 1}
2024-05-18 13:24:34 - staging - INFO - Selected image path: D:/Proiect de Licenta/ObjectDetection/input/parrots/download (1).jpg
2024-05-18 13:24:34 - staging - INFO - Image loaded successfully.
2024-05-18 13:24:35 - staging - INFO - Image path: D:/Proiect de Licenta/ObjectDetection/input/parrots/download (1).jpg
2024-05-18 13:24:35 - staging - INFO - Detected objects: [(1, 'bird', [78, 6, 68, 167], 0.9435021877288818), (2, 'bird', [158, 10, 85, 159], 0.9942857027053833)]
2024-05-18 13:24:36 - staging - INFO - Object Counts: {'bird': 2}
2024-05-18 13:24:43 - staging - INFO - Application run successfully.
2024-06-07 18:23:24 - staging - INFO - Application run successfully.
2024-06-07 18:23:45 - staging - INFO - Selected image path: D:/Proiect de Licenta/ObjectDetection/input/cars/images.jpg
2024-06-07 18:23:45 - staging - INFO - Image loaded successfully.
2024-06-07 18:23:56 - staging - INFO - Image path: D:/Proiect de Licenta/ObjectDetection/input/cars/images.jpg
2024-06-07 18:23:56 - staging - INFO - Detected objects: [(1, 'car', [15, 14, 115, 63], 0.9941926598548889), (2, 'car', [156, 16, 130, 57], 0.9975427985191345), (3, 'car', [12, 86, 126, 68], 0.943601131439209), (4, 'car', [156, 86, 123, 64], 0.9972536563873291)]
2024-06-07 18:23:57 - staging - INFO - Object Counts: {'car': 4}
2024-06-07 18:24:36 - staging - INFO - Detected objects saved successfully.
2024-06-07 18:25:31 - staging - INFO - Application run successfully.
2024-06-07 19:16:40 - staging - INFO - Application run successfully.
